SF:lib\data\datasources\local\db\database_helper.dart
DA:9,0
DA:13,0
DA:17,0
DA:18,0
DA:25,0
DA:26,0
DA:27,0
DA:29,0
DA:33,0
DA:34,0
DA:41,0
DA:43,0
DA:50,0
DA:53,0
DA:54,0
DA:55,0
DA:58,0
DA:59,0
DA:60,0
DA:63,0
DA:64,0
DA:65,0
DA:68,0
DA:72,0
DA:73,0
DA:74,0
DA:77,0
DA:81,0
DA:82,0
DA:83,0
DA:86,0
DA:89,0
DA:90,0
DA:96,0
DA:97,0
DA:98,0
DA:101,0
DA:104,0
DA:105,0
DA:111,0
DA:112,0
DA:113,0
DA:118,0
DA:119,0
DA:120,0
LF:45
LH:0
end_of_record
SF:lib\data\datasources\local\movie_local_data_source.dart
DA:13,1
DA:16,1
DA:18,3
DA:21,2
DA:26,1
DA:28,3
DA:31,2
DA:36,1
DA:37,3
DA:39,1
DA:46,1
DA:47,3
DA:48,4
LF:13
LH:13
end_of_record
SF:lib\data\datasources\local\tv_show_local_data_source.dart
DA:13,1
DA:16,1
DA:17,3
DA:19,1
DA:26,1
DA:27,3
DA:28,4
DA:32,1
DA:34,3
DA:37,2
DA:42,1
DA:44,3
DA:47,2
LF:13
LH:13
end_of_record
SF:lib\data\datasources\remote\movie_remote_data_source.dart
DA:18,1
DA:21,1
DA:22,5
DA:24,2
DA:25,4
DA:27,1
DA:32,1
DA:33,5
DA:35,2
DA:36,3
DA:38,1
DA:43,1
DA:44,5
DA:46,2
DA:47,4
DA:49,1
DA:54,1
DA:55,5
DA:57,2
DA:58,4
DA:60,1
DA:65,1
DA:66,5
DA:68,2
DA:69,4
DA:71,1
DA:76,1
DA:77,5
DA:79,2
DA:80,4
DA:82,1
LF:31
LH:31
end_of_record
SF:lib\data\datasources\remote\tv_show_remote_data_source.dart
DA:18,1
DA:21,1
DA:22,5
DA:24,2
DA:25,4
DA:27,1
DA:32,1
DA:33,5
DA:35,2
DA:36,4
DA:38,1
DA:43,1
DA:44,5
DA:46,2
DA:47,3
DA:49,1
DA:54,1
DA:55,5
DA:57,2
DA:58,4
DA:60,1
DA:65,1
DA:66,5
DA:68,2
DA:69,4
DA:71,1
DA:76,1
DA:77,5
DA:79,2
DA:80,4
DA:82,1
LF:31
LH:31
end_of_record
SF:lib\data\models\movie\movie_detail_model.dart
DA:27,3
DA:51,4
DA:52,2
DA:53,2
DA:54,2
DA:55,8
DA:56,2
DA:57,2
DA:58,2
DA:59,2
DA:60,2
DA:61,2
DA:62,4
DA:63,2
DA:64,2
DA:65,2
DA:66,2
DA:67,2
DA:68,2
DA:69,2
DA:70,2
DA:71,4
DA:72,2
DA:75,2
DA:76,1
DA:77,1
DA:78,1
DA:79,3
DA:80,1
DA:81,1
DA:82,1
DA:83,1
DA:84,1
DA:85,1
DA:86,1
DA:87,1
DA:88,1
DA:89,1
DA:90,1
DA:91,1
DA:92,1
DA:93,1
DA:94,1
DA:95,1
DA:96,1
DA:99,2
DA:100,2
DA:101,2
DA:102,2
DA:103,8
DA:104,2
DA:105,2
DA:106,2
DA:107,2
DA:108,2
DA:109,2
DA:110,2
DA:111,2
DA:112,2
DA:116,2
DA:117,2
DA:118,2
DA:119,2
DA:120,2
DA:121,2
DA:122,2
DA:123,2
DA:124,2
DA:125,2
DA:126,2
DA:127,2
DA:128,2
DA:129,2
DA:130,2
DA:131,2
DA:132,2
DA:133,2
DA:134,2
DA:135,2
DA:136,2
DA:137,2
DA:138,2
LF:82
LH:82
end_of_record
SF:lib\data\models\movie\movie_model.dart
DA:19,4
DA:35,4
DA:36,2
DA:37,2
DA:38,8
DA:39,2
DA:40,2
DA:41,2
DA:42,4
DA:43,2
DA:44,2
DA:45,2
DA:46,2
DA:47,4
DA:48,2
DA:51,2
DA:52,1
DA:53,1
DA:54,4
DA:55,1
DA:56,1
DA:57,1
DA:58,1
DA:59,1
DA:60,1
DA:61,1
DA:62,1
DA:63,1
DA:64,1
DA:67,2
DA:68,2
DA:69,2
DA:70,2
DA:71,2
DA:72,2
DA:73,2
DA:74,2
DA:75,2
DA:76,2
DA:77,2
DA:78,2
DA:79,2
DA:80,2
DA:81,2
DA:85,2
DA:86,2
DA:87,2
DA:88,2
DA:89,2
DA:90,2
DA:91,2
DA:92,2
DA:93,2
DA:94,2
DA:95,2
DA:96,2
DA:97,2
DA:98,2
DA:99,2
LF:59
LH:59
end_of_record
SF:lib\data\models\movie\movie_table.dart
DA:10,3
DA:17,2
DA:18,1
DA:19,1
DA:20,1
DA:21,1
DA:24,2
DA:25,1
DA:26,1
DA:27,1
DA:28,1
DA:31,2
DA:32,1
DA:33,1
DA:34,1
DA:35,1
DA:38,2
DA:39,1
DA:40,1
DA:41,1
DA:42,1
DA:45,2
DA:46,10
LF:23
LH:23
end_of_record
SF:lib\data\models\tv_show\tv_show_detail_model.dart
DA:26,8
DA:49,4
DA:50,2
DA:51,8
DA:52,2
DA:53,8
DA:54,2
DA:55,2
DA:56,2
DA:57,2
DA:58,2
DA:59,2
DA:60,2
DA:61,2
DA:62,4
DA:63,2
DA:64,8
DA:65,2
DA:66,2
DA:67,2
DA:68,4
DA:69,2
DA:72,2
DA:73,1
DA:74,1
DA:75,1
DA:76,3
DA:77,1
DA:78,1
DA:79,1
DA:80,1
DA:81,1
DA:82,1
DA:83,1
DA:84,1
DA:85,1
DA:86,1
DA:87,3
DA:88,1
DA:89,1
DA:90,1
DA:91,1
DA:92,1
DA:95,14
DA:96,7
DA:97,7
DA:98,7
DA:99,33
DA:100,7
DA:101,7
DA:102,7
DA:103,7
DA:104,7
DA:105,7
DA:106,33
DA:107,7
DA:108,7
DA:111,2
DA:112,2
DA:113,2
DA:114,2
DA:115,2
DA:116,2
DA:117,2
DA:118,2
DA:119,2
DA:120,2
DA:121,2
DA:122,2
DA:123,2
DA:124,2
DA:125,2
DA:126,2
DA:127,2
DA:128,2
DA:129,2
DA:130,2
DA:131,2
DA:132,2
LF:79
LH:79
end_of_record
SF:lib\data\models\tv_show\tv_show_model.dart
DA:19,5
DA:34,4
DA:35,2
DA:36,2
DA:37,8
DA:38,2
DA:39,2
DA:40,8
DA:41,2
DA:42,2
DA:43,2
DA:44,4
DA:45,2
DA:46,4
DA:47,2
DA:50,2
DA:51,1
DA:52,1
DA:53,1
DA:54,1
DA:55,1
DA:56,1
DA:57,1
DA:58,1
DA:59,1
DA:60,1
DA:61,1
DA:62,1
DA:63,1
DA:66,6
DA:67,3
DA:68,3
DA:69,3
DA:70,3
DA:71,3
DA:72,3
DA:73,3
DA:74,3
DA:75,3
DA:76,3
DA:77,3
DA:78,3
DA:79,3
DA:82,2
DA:83,2
DA:84,2
DA:85,2
DA:86,2
DA:87,2
DA:88,2
DA:89,2
DA:90,2
DA:91,2
DA:92,2
DA:93,2
DA:94,2
DA:95,2
DA:96,2
LF:58
LH:58
end_of_record
SF:lib\data\models\tv_show\tv_show_table.dart
DA:10,3
DA:17,6
DA:18,3
DA:19,3
DA:20,3
DA:21,3
DA:24,2
DA:25,1
DA:26,1
DA:27,1
DA:28,1
DA:31,4
DA:32,2
DA:33,2
DA:34,2
DA:35,2
DA:38,2
DA:39,1
DA:40,1
DA:41,1
DA:42,1
DA:45,2
DA:46,2
DA:47,2
DA:48,2
DA:49,2
DA:50,2
LF:27
LH:27
end_of_record
SF:lib\domain\entities\movie.dart
DA:18,3
DA:34,1
DA:50,2
DA:51,2
DA:52,2
DA:53,2
DA:54,2
DA:55,2
DA:56,2
DA:57,2
DA:58,2
DA:59,2
DA:60,2
DA:61,2
DA:62,2
DA:63,2
DA:64,2
LF:17
LH:17
end_of_record
SF:lib\domain\entities\movie_detail.dart
DA:18,5
DA:33,2
DA:34,2
DA:35,2
DA:36,2
DA:37,2
DA:38,2
DA:39,2
DA:40,2
DA:41,2
DA:42,2
DA:43,2
DA:44,2
DA:45,2
LF:14
LH:14
end_of_record
SF:lib\domain\entities\tv_show.dart
DA:18,3
DA:34,1
DA:50,2
DA:51,2
DA:52,2
DA:53,2
DA:54,2
DA:55,2
DA:56,2
DA:57,2
DA:58,2
DA:59,2
DA:60,2
DA:61,2
DA:62,2
DA:63,2
DA:64,2
LF:17
LH:17
end_of_record
SF:lib\domain\entities\tv_show_detail.dart
DA:19,7
DA:35,2
DA:36,2
DA:37,2
DA:38,2
DA:39,2
DA:40,2
DA:41,2
DA:42,2
DA:43,2
DA:44,2
DA:45,2
DA:46,2
DA:47,2
DA:48,2
DA:49,2
LF:16
LH:16
end_of_record
SF:lib\utils\failure.dart
DA:6,2
DA:8,2
DA:9,4
DA:13,4
DA:17,4
DA:21,4
LF:6
LH:6
end_of_record
SF:lib\data\models\movie\movie_response.dart
DA:7,2
DA:9,4
DA:10,4
DA:11,6
DA:12,6
DA:15,2
DA:16,5
DA:19,1
DA:20,2
LF:9
LH:9
end_of_record
SF:lib\data\models\genre_model.dart
DA:8,10
DA:13,6
DA:14,3
DA:15,3
DA:18,2
DA:19,1
DA:20,1
DA:23,8
DA:24,24
DA:27,3
DA:28,9
LF:11
LH:11
end_of_record
SF:lib\data\models\season_model.dart
DA:13,8
DA:22,4
DA:23,2
DA:24,2
DA:25,2
DA:26,2
DA:27,2
DA:28,2
DA:29,2
DA:32,2
DA:33,1
DA:34,1
DA:35,1
DA:36,1
DA:37,1
DA:38,1
DA:39,1
DA:42,14
DA:43,7
DA:44,7
DA:45,7
DA:46,7
DA:49,2
DA:50,16
LF:24
LH:24
end_of_record
SF:lib\data\models\tv_show\tv_show_response.dart
DA:7,2
DA:9,4
DA:10,4
DA:11,6
DA:12,6
DA:15,2
DA:16,5
DA:19,1
DA:20,2
LF:9
LH:9
end_of_record
SF:lib\data\repositories\movie_repository_impl.dart
DA:10,1
DA:16,1
DA:18,3
DA:19,5
DA:20,1
DA:21,2
DA:22,1
DA:23,2
DA:28,1
DA:30,3
DA:31,2
DA:32,1
DA:33,2
DA:34,1
DA:35,2
DA:40,1
DA:42,3
DA:43,3
DA:44,1
DA:45,2
DA:46,1
DA:47,2
DA:52,1
DA:54,3
DA:55,5
DA:56,1
DA:57,2
DA:58,1
DA:59,2
DA:64,1
DA:66,3
DA:67,5
DA:68,1
DA:69,2
DA:70,1
DA:71,2
DA:76,1
DA:78,3
DA:79,5
DA:80,1
DA:81,2
DA:82,1
DA:83,2
DA:88,1
DA:90,4
DA:91,1
DA:92,1
DA:93,3
DA:100,1
DA:102,4
DA:103,1
DA:104,1
DA:105,3
DA:110,1
DA:111,3
DA:116,1
DA:117,3
DA:118,5
LF:58
LH:58
end_of_record
SF:lib\data\repositories\tv_show_repository_impl.dart
DA:10,1
DA:16,1
DA:18,3
DA:19,5
DA:20,1
DA:21,2
DA:22,1
DA:23,2
DA:28,1
DA:30,3
DA:31,5
DA:32,1
DA:33,2
DA:34,1
DA:35,2
DA:40,1
DA:42,3
DA:43,2
DA:44,1
DA:45,2
DA:46,1
DA:47,2
DA:52,1
DA:54,3
DA:55,5
DA:56,1
DA:57,2
DA:58,1
DA:59,2
DA:64,1
DA:66,3
DA:67,5
DA:68,1
DA:69,2
DA:70,1
DA:71,2
DA:76,1
DA:78,3
DA:79,5
DA:80,1
DA:81,2
DA:82,1
DA:83,2
DA:88,1
DA:89,3
DA:90,5
DA:94,1
DA:95,3
DA:100,1
DA:102,4
DA:103,1
DA:104,1
DA:105,3
DA:110,1
DA:112,4
DA:113,1
DA:114,1
DA:115,3
LF:58
LH:58
end_of_record
SF:lib\domain\entities\genre.dart
DA:7,12
DA:12,3
DA:13,9
LF:3
LH:3
end_of_record
SF:lib\domain\entities\season.dart
DA:4,7
DA:16,2
DA:17,10
LF:3
LH:3
end_of_record
SF:lib\domain\usecases\movie\get_movie_detail.dart
DA:7,1
DA:9,1
DA:10,2
LF:3
LH:3
end_of_record
SF:lib\domain\usecases\movie\get_movie_recommendations.dart
DA:7,1
DA:9,1
DA:10,2
LF:3
LH:3
end_of_record
SF:lib\domain\usecases\movie\get_now_playing_movies.dart
DA:7,1
DA:9,1
DA:10,2
LF:3
LH:3
end_of_record
SF:lib\domain\usecases\movie\get_popular_movies.dart
DA:7,1
DA:9,1
DA:10,2
LF:3
LH:3
end_of_record
SF:lib\domain\usecases\movie\get_top_rated_movies.dart
DA:7,1
DA:9,1
DA:10,2
LF:3
LH:3
end_of_record
SF:lib\domain\usecases\movie\get_watchlist_movies.dart
DA:7,1
DA:9,1
DA:10,2
LF:3
LH:3
end_of_record
SF:lib\domain\usecases\movie\get_watchlist_status.dart
DA:6,1
DA:8,1
DA:9,2
LF:3
LH:3
end_of_record
SF:lib\domain\usecases\movie\remove_watchlist_movie.dart
DA:7,1
DA:9,1
DA:10,2
LF:3
LH:3
end_of_record
SF:lib\domain\usecases\movie\save_watchlist_movie.dart
DA:7,1
DA:9,1
DA:10,2
LF:3
LH:3
end_of_record
SF:lib\domain\usecases\movie\search_movies.dart
DA:7,1
DA:9,1
DA:10,2
LF:3
LH:3
end_of_record
SF:lib\domain\usecases\tv_show\get_now_playing_tv_shows.dart
DA:7,1
DA:9,1
DA:10,2
LF:3
LH:3
end_of_record
SF:lib\domain\usecases\tv_show\get_popular_tv_shows.dart
DA:7,1
DA:9,1
DA:10,2
LF:3
LH:3
end_of_record
SF:lib\domain\usecases\tv_show\get_top_rated_tv_shows.dart
DA:7,1
DA:9,1
DA:10,2
LF:3
LH:3
end_of_record
SF:lib\domain\usecases\tv_show\get_tv_show_detail.dart
DA:7,1
DA:9,1
DA:10,2
LF:3
LH:3
end_of_record
SF:lib\domain\usecases\tv_show\get_tv_show_recommendations.dart
DA:7,1
DA:9,1
DA:10,2
LF:3
LH:3
end_of_record
SF:lib\domain\usecases\tv_show\get_watchlist_status.dart
DA:6,1
DA:8,1
DA:9,2
LF:3
LH:3
end_of_record
SF:lib\domain\usecases\tv_show\get_watchlist_tv_shows.dart
DA:7,1
DA:9,1
DA:10,2
LF:3
LH:3
end_of_record
SF:lib\domain\usecases\tv_show\remove_watchlist_tv_show.dart
DA:7,1
DA:9,1
DA:10,2
LF:3
LH:3
end_of_record
SF:lib\domain\usecases\tv_show\save_watchlist_tv_show.dart
DA:7,1
DA:9,1
DA:10,2
LF:3
LH:3
end_of_record
SF:lib\domain\usecases\tv_show\search_tv_shows.dart
DA:7,1
DA:9,1
DA:10,2
LF:3
LH:3
end_of_record
SF:lib\presentation\widgets\card_list.dart
DA:11,0
DA:18,0
DA:20,0
DA:22,0
DA:23,0
DA:25,0
DA:27,0
DA:29,0
DA:31,0
DA:32,0
DA:33,0
DA:35,0
DA:36,0
DA:39,0
DA:41,0
DA:42,0
DA:43,0
DA:49,0
DA:51,0
DA:52,0
DA:53,0
DA:56,0
DA:58,0
DA:59,0
DA:60,0
DA:68,0
DA:73,0
DA:74,0
DA:75,0
DA:77,0
DA:78,0
DA:80,0
DA:82,0
LF:33
LH:0
end_of_record
SF:lib\presentation\widgets\empty_search.dart
DA:7,0
DA:10,0
DA:12,0
DA:14,0
DA:15,0
DA:16,0
DA:17,0
DA:18,0
DA:19,0
DA:20,0
DA:24,0
DA:25,0
DA:26,0
LF:13
LH:0
end_of_record
SF:lib\presentation\widgets\poster_image.dart
DA:11,0
DA:17,0
DA:19,0
DA:21,0
DA:22,0
DA:23,0
DA:25,0
DA:26,0
DA:27,0
DA:28,0
DA:30,0
DA:34,0
DA:35,0
DA:36,0
DA:37,0
DA:38,0
DA:39,0
DA:41,0
LF:18
LH:0
end_of_record
SF:lib\presentation\widgets\sub_heading.dart
DA:8,0
DA:10,0
DA:12,0
DA:14,0
DA:15,0
DA:16,0
DA:17,0
DA:19,0
DA:21,0
DA:22,0
DA:23,0
DA:25,0
DA:26,0
LF:13
LH:0
end_of_record
SF:lib\styles\text_styles.dart
DA:4,0
DA:5,0
DA:6,0
DA:7,0
DA:9,0
DA:10,0
DA:11,0
DA:12,0
DA:13,0
LF:9
LH:0
end_of_record
SF:lib\utils\exception.dart
DA:6,4
LF:1
LH:1
end_of_record
SF:lib\utils\ssl\http_ssl.dart
DA:5,0
DA:9,0
DA:11,0
DA:12,0
LF:4
LH:0
end_of_record
SF:lib\utils\ssl\shared.dart
DA:10,1
DA:11,1
DA:14,1
DA:17,1
DA:21,0
DA:22,0
DA:23,0
DA:24,0
DA:26,0
DA:27,0
DA:31,1
DA:32,0
DA:33,0
DA:34,0
DA:35,0
DA:37,0
DA:41,0
DA:45,1
DA:46,1
DA:47,0
DA:52,1
DA:54,3
LF:22
LH:9
end_of_record
SF:lib\utils\state_enum.dart
DA:1,37
DA:2,37
DA:3,37
LF:3
LH:3
end_of_record
SF:lib\utils\string_formatting.dart
DA:3,1
DA:5,2
DA:6,3
DA:9,1
DA:13,3
DA:16,1
DA:17,1
DA:18,1
DA:20,1
DA:21,1
DA:23,1
DA:27,1
DA:28,1
DA:30,1
DA:37,1
DA:38,1
DA:40,1
LF:17
LH:17
end_of_record
SF:lib\utils\utils.dart
DA:3,0
LF:1
LH:0
end_of_record
