SF:lib\presentation\bloc\movie_detail\movie_detail_event.dart
DA:7,1
DA:8,1
DA:12,1
DA:13,1
DA:19,1
DA:21,1
DA:22,2
DA:28,2
DA:30,1
DA:31,2
LF:10
LH:10
end_of_record
SF:lib\presentation\bloc\movie_detail\movie_detail_state.dart
DA:9,2
DA:11,1
DA:12,2
LF:3
LH:3
end_of_record
SF:lib\presentation\bloc\movie_detail\movie_detail_bloc.dart
DA:14,3
DA:15,2
DA:18,1
DA:22,1
DA:24,2
DA:26,3
DA:28,1
DA:29,1
DA:30,3
DA:32,1
DA:33,2
LF:11
LH:11
end_of_record
SF:lib\presentation\bloc\movie_recommendations\movie_recommendations_bloc.dart
DA:14,3
DA:15,2
DA:18,1
DA:22,1
DA:23,2
DA:25,3
DA:27,1
DA:28,1
DA:29,3
DA:31,1
DA:32,5
LF:11
LH:11
end_of_record
SF:lib\presentation\bloc\movie_recommendations\movie_recommendations_state.dart
DA:7,1
DA:8,1
DA:12,1
DA:13,1
DA:19,1
DA:21,1
DA:22,2
DA:28,2
DA:30,1
DA:31,2
LF:10
LH:10
end_of_record
SF:lib\presentation\bloc\movie_recommendations\movie_recommendations_event.dart
DA:9,2
DA:11,1
DA:12,2
LF:3
LH:3
end_of_record
SF:lib\presentation\bloc\now_playing_movies\now_playing_movies_state.dart
DA:7,1
DA:8,1
DA:12,1
DA:13,1
DA:19,2
DA:21,1
DA:22,2
DA:28,2
DA:30,1
DA:31,2
LF:10
LH:10
end_of_record
SF:lib\presentation\bloc\now_playing_movies\now_playing_movies_event.dart
DA:7,1
DA:8,1
LF:2
LH:2
end_of_record
SF:lib\presentation\bloc\now_playing_movies\now_playing_movies_bloc.dart
DA:14,1
DA:16,2
DA:17,2
DA:20,1
DA:21,2
DA:23,3
DA:25,1
DA:26,1
DA:27,3
DA:29,1
DA:30,5
LF:11
LH:11
end_of_record
SF:lib\presentation\bloc\popular_movies\popular_movies_state.dart
DA:7,1
DA:8,1
DA:12,1
DA:13,1
DA:19,3
DA:21,1
DA:22,2
DA:28,3
DA:30,1
DA:31,2
LF:10
LH:10
end_of_record
SF:lib\presentation\bloc\popular_movies\popular_movies_bloc.dart
DA:14,3
DA:15,2
DA:18,1
DA:22,2
DA:24,3
DA:26,1
DA:27,1
DA:28,3
DA:30,1
DA:31,5
LF:10
LH:10
end_of_record
SF:lib\presentation\bloc\popular_movies\popular_movies_event.dart
DA:7,1
DA:8,1
LF:2
LH:2
end_of_record
SF:lib\presentation\bloc\top_rated_movies\top_rated_movies_bloc.dart
DA:14,3
DA:15,2
DA:18,1
DA:22,2
DA:24,3
DA:26,1
DA:27,1
DA:28,3
DA:30,1
DA:31,5
LF:10
LH:10
end_of_record
SF:lib\presentation\bloc\top_rated_movies\top_rated_movies_event.dart
DA:7,1
DA:8,1
LF:2
LH:2
end_of_record
SF:lib\presentation\bloc\top_rated_movies\top_rated_movies_state.dart
DA:7,1
DA:8,1
DA:12,1
DA:13,1
DA:19,3
DA:21,1
DA:22,2
DA:28,3
DA:30,1
DA:31,2
LF:10
LH:10
end_of_record
SF:lib\presentation\bloc\watchlist_movies\watchlist_movies_bloc.dart
DA:17,1
DA:22,2
DA:23,2
DA:24,2
DA:25,2
DA:26,2
DA:29,1
DA:33,2
DA:35,3
DA:37,1
DA:38,1
DA:39,3
DA:41,1
DA:42,5
DA:47,1
DA:51,1
DA:53,3
DA:55,2
DA:58,1
DA:62,1
DA:64,3
DA:66,1
DA:67,1
DA:68,3
DA:70,1
DA:71,2
DA:76,1
DA:80,1
DA:82,3
DA:84,1
DA:85,1
DA:86,3
DA:88,1
DA:89,2
LF:34
LH:34
end_of_record
SF:lib\presentation\bloc\watchlist_movies\watchlist_movies_state.dart
DA:7,1
DA:8,1
DA:12,1
DA:13,1
DA:17,1
DA:18,1
DA:24,1
DA:26,1
DA:27,2
DA:33,3
DA:35,1
DA:36,2
DA:42,2
DA:44,1
DA:45,2
DA:51,1
DA:53,1
DA:54,2
LF:18
LH:18
end_of_record
SF:lib\presentation\bloc\watchlist_movies\watchlist_movies_event.dart
DA:7,1
DA:8,1
DA:14,2
DA:16,1
DA:17,2
DA:23,1
DA:25,1
DA:26,2
DA:32,1
DA:34,1
DA:35,2
LF:11
LH:11
end_of_record
SF:lib\presentation\pages\home_movie_page.dart
DA:7,1
DA:9,1
DA:10,1
DA:14,1
DA:16,1
DA:17,2
DA:18,4
DA:19,4
DA:20,4
DA:24,1
DA:26,1
DA:28,1
DA:29,1
DA:31,1
DA:32,1
DA:34,1
DA:36,2
DA:37,1
DA:41,1
DA:42,2
DA:44,1
DA:47,1
DA:49,0
DA:51,2
DA:52,1
DA:56,1
DA:57,2
DA:59,1
DA:62,1
DA:64,0
DA:66,2
DA:67,1
DA:71,1
DA:72,2
DA:74,1
DA:87,1
DA:89,1
DA:91,1
DA:93,1
DA:95,1
DA:96,2
DA:97,1
DA:103,2
LF:43
LH:41
end_of_record
SF:lib\presentation\pages\movie_detail_page.dart
DA:11,1
DA:13,1
DA:14,1
DA:18,1
DA:20,1
DA:21,2
DA:22,6
DA:23,6
DA:24,6
DA:28,1
DA:30,2
DA:31,2
DA:32,2
DA:36,1
DA:37,1
DA:38,1
DA:39,1
DA:40,1
DA:41,1
DA:43,1
DA:44,1
DA:45,1
DA:46,1
DA:52,0
DA:53,0
DA:66,1
DA:68,1
DA:69,1
DA:73,3
DA:75,1
DA:77,3
DA:78,1
DA:79,1
DA:80,1
DA:81,4
DA:83,2
DA:84,1
DA:86,0
DA:88,1
DA:90,1
DA:91,1
DA:92,1
DA:93,1
DA:95,2
DA:102,1
DA:103,1
DA:104,1
DA:106,1
DA:108,1
DA:110,1
DA:111,1
DA:112,3
DA:113,1
DA:115,1
DA:116,0
DA:117,0
DA:118,0
DA:120,0
DA:123,0
DA:126,0
DA:127,0
DA:128,0
DA:130,0
DA:133,0
DA:134,0
DA:136,0
DA:138,0
DA:139,0
DA:140,0
DA:144,0
DA:145,0
DA:148,1
DA:150,1
DA:151,3
DA:152,1
DA:156,1
DA:157,4
DA:159,1
DA:160,4
DA:162,1
DA:163,1
DA:164,1
DA:165,4
DA:167,2
DA:173,5
DA:176,1
DA:177,1
DA:179,1
DA:181,1
DA:182,3
DA:184,1
DA:185,1
DA:187,1
DA:189,1
DA:190,1
DA:191,1
DA:192,0
DA:193,0
DA:195,1
DA:196,0
DA:197,1
DA:198,1
DA:199,1
DA:201,1
DA:203,1
DA:204,1
DA:205,1
DA:207,1
DA:208,0
DA:209,0
DA:212,0
DA:215,1
DA:216,1
DA:217,1
DA:219,1
DA:220,2
DA:221,2
DA:222,1
DA:224,0
DA:230,1
DA:234,0
DA:242,1
DA:244,1
DA:259,1
DA:261,1
DA:264,1
DA:265,1
DA:266,0
DA:267,0
LF:129
LH:99
end_of_record
SF:lib\presentation\pages\popular_movies_page.dart
DA:7,1
DA:9,1
DA:10,1
DA:14,1
DA:16,1
DA:17,6
DA:20,1
DA:22,1
DA:23,1
DA:24,1
DA:26,1
DA:28,1
DA:29,1
DA:30,1
DA:31,1
DA:32,1
DA:34,1
DA:35,1
DA:36,1
DA:37,1
DA:38,1
DA:39,1
DA:45,1
DA:48,1
DA:50,2
LF:25
LH:25
end_of_record
SF:lib\presentation\pages\top_rated_movies_page.dart
DA:7,1
DA:9,1
DA:10,1
DA:14,1
DA:16,1
DA:17,6
DA:20,1
DA:22,1
DA:23,1
DA:24,1
DA:26,1
DA:28,1
DA:29,1
DA:30,1
DA:31,1
DA:32,1
DA:34,1
DA:35,1
DA:36,1
DA:37,1
DA:38,1
DA:39,1
DA:45,1
DA:48,1
DA:50,2
LF:25
LH:25
end_of_record
SF:lib\presentation\pages\watchlist_movies_page.dart
DA:8,1
DA:10,1
DA:11,1
DA:15,1
DA:17,1
DA:18,2
DA:19,4
DA:23,1
DA:25,1
DA:26,4
DA:29,0
DA:31,0
DA:34,1
DA:36,1
DA:37,1
DA:39,1
DA:40,1
DA:41,1
DA:42,1
DA:43,1
DA:45,1
DA:46,1
DA:47,1
DA:48,1
DA:49,1
DA:50,1
DA:56,1
DA:58,1
DA:59,1
DA:61,0
DA:62,0
DA:71,1
DA:73,2
DA:74,1
LF:34
LH:30
end_of_record
