SF:lib\presentation\bloc\now_playing_tv_shows\now_playing_tv_shows_state.dart
DA:7,1
DA:8,1
DA:12,1
DA:13,1
DA:19,2
DA:21,1
DA:22,2
DA:28,2
DA:30,1
DA:31,2
LF:10
LH:10
end_of_record
SF:lib\presentation\bloc\now_playing_tv_shows\now_playing_tv_shows_event.dart
DA:7,1
DA:8,1
LF:2
LH:2
end_of_record
SF:lib\presentation\bloc\now_playing_tv_shows\now_playing_tv_shows_bloc.dart
DA:14,1
DA:16,2
DA:17,2
DA:20,1
DA:21,2
DA:23,3
DA:25,1
DA:26,1
DA:27,3
DA:29,1
DA:30,5
LF:11
LH:11
end_of_record
SF:lib\presentation\bloc\popular_tv_shows\popular_tv_shows_bloc.dart
DA:14,3
DA:15,2
DA:18,1
DA:22,2
DA:24,3
DA:26,1
DA:27,1
DA:28,3
DA:30,1
DA:31,5
LF:10
LH:10
end_of_record
SF:lib\presentation\bloc\popular_tv_shows\popular_tv_shows_state.dart
DA:7,1
DA:8,1
DA:12,1
DA:13,1
DA:19,3
DA:21,1
DA:22,2
DA:28,3
DA:30,1
DA:31,2
LF:10
LH:10
end_of_record
SF:lib\presentation\bloc\popular_tv_shows\popular_tv_shows_event.dart
DA:7,1
DA:8,1
LF:2
LH:2
end_of_record
SF:lib\presentation\bloc\top_rated_tv_shows\top_rated_tv_shows_state.dart
DA:7,1
DA:8,1
DA:12,1
DA:13,1
DA:19,3
DA:21,1
DA:22,2
DA:28,3
DA:30,1
DA:31,2
LF:10
LH:10
end_of_record
SF:lib\presentation\bloc\top_rated_tv_shows\top_rated_tv_shows_bloc.dart
DA:14,3
DA:15,2
DA:18,1
DA:22,2
DA:24,3
DA:26,1
DA:27,1
DA:28,3
DA:30,1
DA:31,5
LF:10
LH:10
end_of_record
SF:lib\presentation\bloc\top_rated_tv_shows\top_rated_tv_shows_event.dart
DA:7,1
DA:8,1
LF:2
LH:2
end_of_record
SF:lib\presentation\bloc\tv_show_detail\tv_show_detail_state.dart
DA:7,1
DA:8,1
DA:12,1
DA:13,1
DA:19,1
DA:21,1
DA:22,2
DA:28,2
DA:30,1
DA:31,2
LF:10
LH:10
end_of_record
SF:lib\presentation\bloc\tv_show_detail\tv_show_detail_bloc.dart
DA:14,3
DA:15,2
DA:18,1
DA:22,1
DA:24,2
DA:26,3
DA:28,1
DA:29,1
DA:30,3
DA:32,1
DA:33,2
LF:11
LH:11
end_of_record
SF:lib\presentation\bloc\tv_show_detail\tv_show_detail_event.dart
DA:9,2
DA:11,1
DA:12,2
LF:3
LH:3
end_of_record
SF:lib\presentation\bloc\tv_show_recommendations\tv_show_recommendations_event.dart
DA:9,2
DA:11,1
DA:12,2
LF:3
LH:3
end_of_record
SF:lib\presentation\bloc\tv_show_recommendations\tv_show_recommendations_state.dart
DA:7,1
DA:8,1
DA:12,1
DA:13,1
DA:19,1
DA:21,1
DA:22,2
DA:28,2
DA:30,1
DA:31,2
LF:10
LH:10
end_of_record
SF:lib\presentation\bloc\tv_show_recommendations\tv_show_recommendations_bloc.dart
DA:14,3
DA:15,2
DA:18,1
DA:22,1
DA:23,2
DA:25,3
DA:27,1
DA:28,1
DA:29,3
DA:31,1
DA:32,5
LF:11
LH:11
end_of_record
SF:lib\presentation\bloc\watchlist_tv_shows\watchlist_tv_shows_state.dart
DA:7,1
DA:8,1
DA:12,1
DA:13,1
DA:17,1
DA:18,1
DA:24,1
DA:26,1
DA:27,2
DA:33,3
DA:35,1
DA:36,2
DA:42,2
DA:44,1
DA:45,2
DA:51,1
DA:53,1
DA:54,2
LF:18
LH:18
end_of_record
SF:lib\presentation\bloc\watchlist_tv_shows\watchlist_tv_shows_event.dart
DA:7,1
DA:8,1
DA:14,2
DA:16,1
DA:17,2
DA:23,1
DA:25,1
DA:26,2
DA:32,1
DA:34,1
DA:35,2
LF:11
LH:11
end_of_record
SF:lib\presentation\bloc\watchlist_tv_shows\watchlist_tv_shows_bloc.dart
DA:17,1
DA:22,2
DA:23,2
DA:24,2
DA:25,2
DA:26,2
DA:29,1
DA:33,2
DA:35,3
DA:37,1
DA:38,1
DA:39,3
DA:41,1
DA:42,5
DA:47,1
DA:51,1
DA:53,3
DA:55,2
DA:58,1
DA:62,1
DA:64,3
DA:66,1
DA:67,1
DA:68,3
DA:70,1
DA:71,2
DA:76,1
DA:80,1
DA:82,3
DA:84,1
DA:85,1
DA:86,3
DA:88,1
DA:89,2
LF:34
LH:34
end_of_record
SF:lib\presentation\pages\home_tv_show_page.dart
DA:7,1
DA:8,1
DA:12,1
DA:14,1
DA:15,2
DA:16,4
DA:17,4
DA:18,4
DA:22,1
DA:24,1
DA:26,1
DA:27,1
DA:29,1
DA:30,1
DA:32,1
DA:34,2
DA:35,1
DA:36,1
DA:37,1
DA:39,1
DA:40,2
DA:42,1
DA:45,1
DA:47,0
DA:49,2
DA:50,1
DA:51,1
DA:52,1
DA:54,1
DA:55,2
DA:57,1
DA:60,1
DA:62,0
DA:64,2
DA:65,1
DA:66,1
DA:67,1
DA:69,1
DA:70,2
DA:72,1
DA:85,1
DA:87,1
DA:89,1
DA:91,1
DA:93,1
DA:94,2
DA:95,1
DA:101,2
LF:48
LH:46
end_of_record
SF:lib\presentation\pages\popular_tv_shows_page.dart
DA:7,1
DA:8,1
DA:12,1
DA:14,1
DA:15,6
DA:18,1
DA:20,1
DA:21,1
DA:22,1
DA:24,1
DA:26,1
DA:27,1
DA:28,1
DA:29,1
DA:30,1
DA:32,1
DA:33,1
DA:34,1
DA:35,1
DA:36,1
DA:37,1
DA:43,1
DA:46,1
DA:48,2
LF:24
LH:24
end_of_record
SF:lib\presentation\pages\top_rated_tv_shows_page.dart
DA:7,1
DA:8,1
DA:12,1
DA:14,1
DA:15,6
DA:18,1
DA:20,1
DA:21,1
DA:22,1
DA:24,1
DA:26,1
DA:27,1
DA:28,1
DA:29,1
DA:30,1
DA:32,1
DA:33,1
DA:34,1
DA:35,1
DA:36,1
DA:37,1
DA:43,1
DA:46,1
DA:48,2
LF:24
LH:24
end_of_record
SF:lib\presentation\pages\tv_show_detail_page.dart
DA:11,2
DA:13,1
DA:14,1
DA:18,1
DA:20,1
DA:21,2
DA:22,6
DA:23,6
DA:24,6
DA:28,1
DA:30,1
DA:31,5
DA:32,1
DA:33,1
DA:34,1
DA:35,1
DA:36,1
DA:37,1
DA:39,1
DA:40,1
DA:41,1
DA:42,1
DA:48,0
DA:49,0
DA:62,1
DA:64,1
DA:65,1
DA:69,3
DA:71,1
DA:73,3
DA:74,1
DA:75,1
DA:76,1
DA:77,4
DA:79,2
DA:80,1
DA:82,0
DA:84,1
DA:86,1
DA:87,1
DA:88,1
DA:89,1
DA:91,2
DA:98,1
DA:99,1
DA:100,1
DA:102,1
DA:104,1
DA:106,1
DA:107,1
DA:108,3
DA:109,1
DA:111,1
DA:112,0
DA:113,0
DA:114,0
DA:116,0
DA:119,0
DA:122,0
DA:123,0
DA:124,0
DA:126,0
DA:129,0
DA:130,0
DA:132,0
DA:134,0
DA:135,0
DA:136,0
DA:140,0
DA:141,0
DA:144,1
DA:146,1
DA:147,3
DA:148,1
DA:152,1
DA:153,4
DA:155,1
DA:156,4
DA:157,0
DA:160,1
DA:161,1
DA:162,1
DA:163,4
DA:165,2
DA:171,5
DA:174,1
DA:175,1
DA:176,4
DA:178,1
DA:179,4
DA:181,1
DA:182,1
DA:184,1
DA:186,1
DA:187,3
DA:189,1
DA:190,1
DA:192,1
DA:194,1
DA:195,1
DA:196,1
DA:197,0
DA:198,0
DA:200,1
DA:201,0
DA:202,1
DA:203,1
DA:204,1
DA:206,1
DA:208,1
DA:209,1
DA:210,1
DA:212,1
DA:213,0
DA:214,0
DA:217,0
DA:220,1
DA:221,1
DA:222,1
DA:224,1
DA:225,2
DA:226,2
DA:227,1
DA:229,0
DA:235,1
DA:239,0
DA:247,1
DA:249,1
DA:264,1
DA:266,1
DA:269,1
DA:270,1
DA:271,0
DA:272,0
LF:134
LH:103
end_of_record
SF:lib\presentation\pages\watchlist_tv_shows_page.dart
DA:7,1
DA:8,1
DA:12,1
DA:14,1
DA:15,2
DA:16,4
DA:20,1
DA:22,1
DA:23,4
DA:26,0
DA:27,0
DA:30,1
DA:32,1
DA:33,1
DA:35,1
DA:36,1
DA:37,1
DA:38,1
DA:39,1
DA:41,1
DA:42,1
DA:43,1
DA:44,1
DA:45,1
DA:46,1
DA:52,1
DA:54,1
DA:55,1
DA:57,0
DA:58,0
DA:67,1
DA:69,2
DA:70,1
LF:33
LH:29
end_of_record
