SF:lib\presentation\bloc\movie\search_movies_state.dart
DA:7,1
DA:8,1
DA:12,1
DA:13,1
DA:17,1
DA:18,1
DA:24,2
DA:26,1
DA:27,2
DA:33,2
DA:35,1
DA:36,2
LF:12
LH:12
end_of_record
SF:lib\presentation\bloc\movie\search_movies_event.dart
DA:9,1
DA:11,1
DA:12,2
LF:3
LH:3
end_of_record
SF:lib\presentation\bloc\movie\search_movies_bloc.dart
DA:15,3
DA:16,2
DA:19,1
DA:20,1
DA:21,2
DA:23,3
DA:25,1
DA:26,1
DA:27,3
DA:29,1
DA:30,5
DA:35,1
DA:36,2
LF:13
LH:13
end_of_record
SF:lib\presentation\bloc\tv_show\search_tv_shows_state.dart
DA:7,1
DA:8,1
DA:12,1
DA:13,1
DA:17,1
DA:18,1
DA:24,2
DA:26,1
DA:27,2
DA:33,2
DA:35,1
DA:36,2
LF:12
LH:12
end_of_record
SF:lib\presentation\bloc\tv_show\search_tv_shows_event.dart
DA:9,1
DA:11,1
DA:12,2
LF:3
LH:3
end_of_record
SF:lib\presentation\bloc\tv_show\search_tv_shows_bloc.dart
DA:15,3
DA:16,2
DA:19,1
DA:20,1
DA:21,2
DA:23,3
DA:25,1
DA:26,1
DA:27,3
DA:29,1
DA:30,5
DA:35,1
DA:36,2
LF:13
LH:13
end_of_record
SF:lib\presentation\pages\search_page.dart
DA:10,1
DA:13,1
DA:17,1
DA:19,3
DA:21,1
DA:23,1
DA:24,3
DA:26,1
DA:28,1
DA:30,1
DA:31,1
DA:32,0
DA:33,0
DA:34,0
DA:36,0
DA:38,1
DA:40,1
DA:41,1
DA:45,1
DA:46,1
DA:48,1
DA:50,1
DA:57,1
DA:58,2
DA:59,1
DA:61,1
DA:62,1
DA:63,1
DA:64,1
DA:65,1
DA:66,1
DA:69,1
DA:70,1
DA:71,1
DA:72,1
DA:73,2
DA:74,1
DA:75,1
DA:77,0
DA:82,1
DA:84,1
DA:85,1
DA:86,1
DA:87,1
DA:88,1
DA:89,1
DA:92,1
DA:93,1
DA:94,1
DA:95,1
DA:96,2
DA:97,1
DA:98,1
DA:100,0
DA:107,1
DA:108,2
DA:110,1
DA:111,1
DA:113,1
DA:114,1
DA:115,1
DA:117,1
DA:121,1
DA:126,1
DA:127,1
DA:128,1
DA:132,1
DA:133,1
DA:135,1
DA:136,1
DA:137,1
DA:139,1
DA:143,1
LF:73
LH:67
end_of_record
